Determining if the pthread_create exist failed with the following output:
Change Dir: /home/tm2/velodyne_plugin/build/CMakeFiles/CMakeTmp

Run Build Command:"/usr/bin/make" "cmTC_8b76f/fast"
/usr/bin/make -f CMakeFiles/cmTC_8b76f.dir/build.make CMakeFiles/cmTC_8b76f.dir/build
make[1]: Entering directory '/home/tm2/velodyne_plugin/build/CMakeFiles/CMakeTmp'
Building C object CMakeFiles/cmTC_8b76f.dir/CheckSymbolExists.c.o
/usr/lib/ccache/cc    -o CMakeFiles/cmTC_8b76f.dir/CheckSymbolExists.c.o   -c /home/tm2/velodyne_plugin/build/CMakeFiles/CMakeTmp/CheckSymbolExists.c
Linking C executable cmTC_8b76f
/usr/bin/cmake -E cmake_link_script CMakeFiles/cmTC_8b76f.dir/link.txt --verbose=1
/usr/lib/ccache/cc      -rdynamic CMakeFiles/cmTC_8b76f.dir/CheckSymbolExists.c.o  -o cmTC_8b76f 
CMakeFiles/cmTC_8b76f.dir/CheckSymbolExists.c.o: In function `main':
CheckSymbolExists.c:(.text+0x1b): undefined reference to `pthread_create'
collect2: error: ld returned 1 exit status
CMakeFiles/cmTC_8b76f.dir/build.make:97: recipe for target 'cmTC_8b76f' failed
make[1]: *** [cmTC_8b76f] Error 1
make[1]: Leaving directory '/home/tm2/velodyne_plugin/build/CMakeFiles/CMakeTmp'
Makefile:126: recipe for target 'cmTC_8b76f/fast' failed
make: *** [cmTC_8b76f/fast] Error 2

File /home/tm2/velodyne_plugin/build/CMakeFiles/CMakeTmp/CheckSymbolExists.c:
/* */
#include <pthread.h>

int main(int argc, char** argv)
{
  (void)argv;
#ifndef pthread_create
  return ((int*)(&pthread_create))[argc];
#else
  (void)argc;
  return 0;
#endif
}

Determining if the function pthread_create exists in the pthreads failed with the following output:
Change Dir: /home/tm2/velodyne_plugin/build/CMakeFiles/CMakeTmp

Run Build Command:"/usr/bin/make" "cmTC_181f7/fast"
/usr/bin/make -f CMakeFiles/cmTC_181f7.dir/build.make CMakeFiles/cmTC_181f7.dir/build
make[1]: Entering directory '/home/tm2/velodyne_plugin/build/CMakeFiles/CMakeTmp'
Building C object CMakeFiles/cmTC_181f7.dir/CheckFunctionExists.c.o
/usr/lib/ccache/cc   -DCHECK_FUNCTION_EXISTS=pthread_create   -o CMakeFiles/cmTC_181f7.dir/CheckFunctionExists.c.o   -c /usr/share/cmake-3.10/Modules/CheckFunctionExists.c
Linking C executable cmTC_181f7
/usr/bin/cmake -E cmake_link_script CMakeFiles/cmTC_181f7.dir/link.txt --verbose=1
/usr/lib/ccache/cc  -DCHECK_FUNCTION_EXISTS=pthread_create    -rdynamic CMakeFiles/cmTC_181f7.dir/CheckFunctionExists.c.o  -o cmTC_181f7 -lpthreads 
/usr/bin/ld: cannot find -lpthreads
collect2: error: ld returned 1 exit status
CMakeFiles/cmTC_181f7.dir/build.make:97: recipe for target 'cmTC_181f7' failed
make[1]: *** [cmTC_181f7] Error 1
make[1]: Leaving directory '/home/tm2/velodyne_plugin/build/CMakeFiles/CMakeTmp'
Makefile:126: recipe for target 'cmTC_181f7/fast' failed
make: *** [cmTC_181f7/fast] Error 2


