Determining if the pthread_create exist failed with the following output:
Change Dir: /home/tm2/gazebo_plugin_tutorial/build/CMakeFiles/CMakeTmp

Run Build Command:"/usr/bin/make" "cmTC_67ee4/fast"
/usr/bin/make -f CMakeFiles/cmTC_67ee4.dir/build.make CMakeFiles/cmTC_67ee4.dir/build
make[1]: Entering directory '/home/tm2/gazebo_plugin_tutorial/build/CMakeFiles/CMakeTmp'
Building C object CMakeFiles/cmTC_67ee4.dir/CheckSymbolExists.c.o
/usr/lib/ccache/cc    -o CMakeFiles/cmTC_67ee4.dir/CheckSymbolExists.c.o   -c /home/tm2/gazebo_plugin_tutorial/build/CMakeFiles/CMakeTmp/CheckSymbolExists.c
Linking C executable cmTC_67ee4
/usr/bin/cmake -E cmake_link_script CMakeFiles/cmTC_67ee4.dir/link.txt --verbose=1
/usr/lib/ccache/cc      -rdynamic CMakeFiles/cmTC_67ee4.dir/CheckSymbolExists.c.o  -o cmTC_67ee4 
CMakeFiles/cmTC_67ee4.dir/CheckSymbolExists.c.o: In function `main':
CheckSymbolExists.c:(.text+0x1b): undefined reference to `pthread_create'
collect2: error: ld returned 1 exit status
CMakeFiles/cmTC_67ee4.dir/build.make:97: recipe for target 'cmTC_67ee4' failed
make[1]: *** [cmTC_67ee4] Error 1
make[1]: Leaving directory '/home/tm2/gazebo_plugin_tutorial/build/CMakeFiles/CMakeTmp'
Makefile:126: recipe for target 'cmTC_67ee4/fast' failed
make: *** [cmTC_67ee4/fast] Error 2

File /home/tm2/gazebo_plugin_tutorial/build/CMakeFiles/CMakeTmp/CheckSymbolExists.c:
/* */
#include <pthread.h>

int main(int argc, char** argv)
{
  (void)argv;
#ifndef pthread_create
  return ((int*)(&pthread_create))[argc];
#else
  (void)argc;
  return 0;
#endif
}

Determining if the function pthread_create exists in the pthreads failed with the following output:
Change Dir: /home/tm2/gazebo_plugin_tutorial/build/CMakeFiles/CMakeTmp

Run Build Command:"/usr/bin/make" "cmTC_8fe24/fast"
/usr/bin/make -f CMakeFiles/cmTC_8fe24.dir/build.make CMakeFiles/cmTC_8fe24.dir/build
make[1]: Entering directory '/home/tm2/gazebo_plugin_tutorial/build/CMakeFiles/CMakeTmp'
Building C object CMakeFiles/cmTC_8fe24.dir/CheckFunctionExists.c.o
/usr/lib/ccache/cc   -DCHECK_FUNCTION_EXISTS=pthread_create   -o CMakeFiles/cmTC_8fe24.dir/CheckFunctionExists.c.o   -c /usr/share/cmake-3.10/Modules/CheckFunctionExists.c
Linking C executable cmTC_8fe24
/usr/bin/cmake -E cmake_link_script CMakeFiles/cmTC_8fe24.dir/link.txt --verbose=1
/usr/lib/ccache/cc  -DCHECK_FUNCTION_EXISTS=pthread_create    -rdynamic CMakeFiles/cmTC_8fe24.dir/CheckFunctionExists.c.o  -o cmTC_8fe24 -lpthreads 
/usr/bin/ld: cannot find -lpthreads
collect2: error: ld returned 1 exit status
CMakeFiles/cmTC_8fe24.dir/build.make:97: recipe for target 'cmTC_8fe24' failed
make[1]: *** [cmTC_8fe24] Error 1
make[1]: Leaving directory '/home/tm2/gazebo_plugin_tutorial/build/CMakeFiles/CMakeTmp'
Makefile:126: recipe for target 'cmTC_8fe24/fast' failed
make: *** [cmTC_8fe24/fast] Error 2


